
ASEM-51 V1.3                                         Copyright (c) 2002 by W.W. Heinz                                         PAGE 1





       MCS-51 Family Macro Assembler   A S E M - 5 1   V 1.3
       =====================================================



	Source File:	C:\Users\Z\Documents\lcd coba\new 1.a51
	Object File:	C:\Users\Z\Documents\lcd coba\new 1.hex
	List File:	C:\Users\Z\Documents\lcd coba\new 1.lst



 Line  I  Addr  Code            Source

    1:	  0000	12 00 4E		call delay
    2:	  0003	74 4C			mov a,#00001100
						       ^
			  @@@@@ expression out of range @@@@@

    3:	  0005	F5 80			mov p0,a
    4:	  0007	12 00 43		call clock
    5:	  000A	74 00			mov a,#01110000
					       ^
			  @@@@@ constant out of range @@@@@

    6:	  000C	F5 80			mov p0,a
    7:	  000E	12 00 43		call clock
    8:	  0011	74 00			mov a,#01100000
					       ^
			  @@@@@ constant out of range @@@@@

    9:	  0013	F5 80			mov p0,a
   10:	  0015	12 00 43		call clock
   11:	  0018	74 1A			mov a,#00010010
						       ^
			  @@@@@ expression out of range @@@@@

   12:	  001A	F5 80			mov p0,a
   13:	  001C	D2 91			setb p1.1
   14:	  001E	12 00 43		call clock
   15:	  0021	74 6F			mov a,#00000111
   16:	  0023	F5 80			mov p0,a
   17:	  0025	12 00 43		call clock
   18:	  0028	74 00			mov a,#00000000
   19:	  002A	F5 80			mov p0,a
   20:	  002C	12 00 43		call clock
   21:	  002F	74 6E			mov a,#00000110
   22:	  0031	F5 80			mov p0,a
   23:	  0033	D2 91			setb p1.1
   24:	  0035	74 0A			mov a,#00000010
   25:	  0037	F5 80			mov p0,a
   26:	  0039	12 00 43		call clock
   27:	  003C	74 01			mov a,#00000001
   28:	  003E	F5 80			mov p0,a
   29:	  0040	12 00 4E		call delay
   30:
   31:

ASEM-51 V1.3                                         Copyright (c) 2002 by W.W. Heinz                                         PAGE 2



 Line  I  Addr  Code            Source

   32:
   33:	  0043				clock:
   34:	  0043	D2 90			setb p1.0
   35:	  0045	12 00 4E		call delay
   36:	  0048	C2 90			clr p1.0
   37:	  004A	12 00 4E		call delay
   38:	  004D	22			ret
   39:
   40:	  004E				delay:
   41:	  004E	79 00			mov	R1,#00
   42:	  0050	09			loop:	inc	R1
   43:	  0051	B9 99 FC		cjne	R1,#99h,loop
   44:	  0054	22			ret
   45:					end





                     register banks used:  ---

                     4 errors detected




ASEM-51 V1.3                                         Copyright (c) 2002 by W.W. Heinz                                         PAGE 3





	       L I S T   O F   S Y M B O L S
	       =============================


SYMBOL				  TYPE     VALUE	LINE
------------------------------------------------------------
??ASEM_51			  NUMBER    8051
??VERSION			  NUMBER    0130
AC				  BIT	      D6
ACC				  DATA	      E0
B				  DATA	      F0
CLOCK				  CODE	    0043	  33
CY				  BIT	      D7
DELAY				  CODE	    004E	  40
DPH				  DATA	      83
DPL				  DATA	      82
EA				  BIT	      AF
ES				  BIT	      AC
ET0				  BIT	      A9
ET1				  BIT	      AB
EX0				  BIT	      A8
EX1				  BIT	      AA
EXTI0				  CODE	    0003
EXTI1				  CODE	    0013
F0				  BIT	      D5
IE				  DATA	      A8
IE0				  BIT	      89
IE1				  BIT	      8B
INT0				  BIT	      B2
INT1				  BIT	      B3
IP				  DATA	      B8
IT0				  BIT	      88
IT1				  BIT	      8A
LOOP				  CODE	    0050	  42
OV				  BIT	      D2
P				  BIT	      D0
P0				  DATA	      80
P1				  DATA	      90
P2				  DATA	      A0
P3				  DATA	      B0
PCON				  DATA	      87
PS				  BIT	      BC
PSW				  DATA	      D0
PT0				  BIT	      B9
PT1				  BIT	      BB
PX0				  BIT	      B8
PX1				  BIT	      BA
RB8				  BIT	      9A
RD				  BIT	      B7
REN				  BIT	      9C
RESET				  CODE	    0000
RI				  BIT	      98
RS0				  BIT	      D3
RS1				  BIT	      D4
RXD				  BIT	      B0
SBUF				  DATA	      99

ASEM-51 V1.3                                         Copyright (c) 2002 by W.W. Heinz                                         PAGE 4



SYMBOL				  TYPE     VALUE	LINE
------------------------------------------------------------
SCON				  DATA	      98
SINT				  CODE	    0023
SM0				  BIT	      9F
SM1				  BIT	      9E
SM2				  BIT	      9D
SP				  DATA	      81
T0				  BIT	      B4
T1				  BIT	      B5
TB8				  BIT	      9B
TCON				  DATA	      88
TF0				  BIT	      8D
TF1				  BIT	      8F
TH0				  DATA	      8C
TH1				  DATA	      8D
TI				  BIT	      99
TIMER0				  CODE	    000B
TIMER1				  CODE	    001B
TL0				  DATA	      8A
TL1				  DATA	      8B
TMOD				  DATA	      89
TR0				  BIT	      8C
TR1				  BIT	      8E
TXD				  BIT	      B1
WR				  BIT	      B6
